[2022-08-01 13:33:08] local.ERROR: ErrorException: Array and string offset access syntax with curly braces is deprecated in C:\xampp\htdocs\penjadwalan_algoritma_genetika\vendor\phpoffice\phpexcel\Classes\PHPExcel\Shared\String.php:529
Stack trace:
#0 C:\xampp\htdocs\penjadwalan_algoritma_genetika\vendor\phpoffice\phpexcel\Classes\PHPExcel\Autoloader.php(86): Illuminate\Foundation\Bootstrap\HandleExceptions->handleError(8192, 'Array and strin...', 'C:\\xampp\\htdocs...', 529, Array)
#1 C:\xampp\htdocs\penjadwalan_algoritma_genetika\vendor\phpoffice\phpexcel\Classes\PHPExcel\Autoloader.php(86): require()
#2 [internal function]: PHPExcel_Autoloader::Load('PHPExcel_Shared...')
#3 C:\xampp\htdocs\penjadwalan_algoritma_genetika\vendor\phpoffice\phpexcel\Classes\PHPExcel\Autoloader.php(36): spl_autoload_call('PHPExcel_Shared...')
#4 C:\xampp\htdocs\penjadwalan_algoritma_genetika\vendor\phpoffice\phpexcel\Classes\PHPExcel\Settings.php(34): require('C:\\xampp\\htdocs...')
#5 C:\xampp\htdocs\penjadwalan_algoritma_genetika\vendor\composer\ClassLoader.php(414): include('C:\\xampp\\htdocs...')
#6 C:\xampp\htdocs\penjadwalan_algoritma_genetika\vendor\composer\ClassLoader.php(301): Composer\Autoload\includeFile('C:\\xampp\\htdocs...')
#7 [internal function]: Composer\Autoload\ClassLoader->loadClass('PHPExcel_Settin...')
#8 C:\xampp\htdocs\penjadwalan_algoritma_genetika\vendor\maatwebsite\excel\src\Maatwebsite\Excel\ExcelServiceProvider.php(221): spl_autoload_call('PHPExcel_Settin...')
#9 C:\xampp\htdocs\penjadwalan_algoritma_genetika\vendor\maatwebsite\excel\src\Maatwebsite\Excel\ExcelServiceProvider.php(86): Maatwebsite\Excel\ExcelServiceProvider->setLocale()
#10 C:\xampp\htdocs\penjadwalan_algoritma_genetika\vendor\laravel\framework\src\Illuminate\Container\Container.php(290): Maatwebsite\Excel\ExcelServiceProvider->Maatwebsite\Excel\{closure}(Object(Illuminate\Foundation\Application))
#11 C:\xampp\htdocs\penjadwalan_algoritma_genetika\vendor\laravel\framework\src\Illuminate\Container\Container.php(746): Illuminate\Container\Container->Illuminate\Container\{closure}(Object(Illuminate\Foundation\Application), Array)
#12 C:\xampp\htdocs\penjadwalan_algoritma_genetika\vendor\laravel\framework\src\Illuminate\Container\Container.php(644): Illuminate\Container\Container->build(Object(Closure), Array)
#13 C:\xampp\htdocs\penjadwalan_algoritma_genetika\vendor\laravel\framework\src\Illuminate\Foundation\Application.php(709): Illuminate\Container\Container->make('phpexcel', Array)
#14 C:\xampp\htdocs\penjadwalan_algoritma_genetika\vendor\laravel\framework\src\Illuminate\Container\Container.php(1203): Illuminate\Foundation\Application->make('phpexcel')
#15 C:\xampp\htdocs\penjadwalan_algoritma_genetika\vendor\maatwebsite\excel\src\Maatwebsite\Excel\ExcelServiceProvider.php(179): Illuminate\Container\Container->offsetGet('phpexcel')
#16 C:\xampp\htdocs\penjadwalan_algoritma_genetika\vendor\laravel\framework\src\Illuminate\Container\Container.php(290): Maatwebsite\Excel\ExcelServiceProvider->Maatwebsite\Excel\{closure}(Object(Illuminate\Foundation\Application))
#17 C:\xampp\htdocs\penjadwalan_algoritma_genetika\vendor\laravel\framework\src\Illuminate\Container\Container.php(746): Illuminate\Container\Container->Illuminate\Container\{closure}(Object(Illuminate\Foundation\Application), Array)
#18 C:\xampp\htdocs\penjadwalan_algoritma_genetika\vendor\laravel\framework\src\Illuminate\Container\Container.php(644): Illuminate\Container\Container->build(Object(Closure), Array)
#19 C:\xampp\htdocs\penjadwalan_algoritma_genetika\vendor\laravel\framework\src\Illuminate\Foundation\Application.php(709): Illuminate\Container\Container->make('excel', Array)
#20 C:\xampp\htdocs\penjadwalan_algoritma_genetika\vendor\laravel\framework\src\Illuminate\Container\Container.php(1203): Illuminate\Foundation\Application->make('excel')
#21 C:\xampp\htdocs\penjadwalan_algoritma_genetika\vendor\laravel\framework\src\Illuminate\Support\Facades\Facade.php(175): Illuminate\Container\Container->offsetGet('excel')
#22 C:\xampp\htdocs\penjadwalan_algoritma_genetika\vendor\laravel\framework\src\Illuminate\Support\Facades\Facade.php(144): Illuminate\Support\Facades\Facade::resolveFacadeInstance('excel')
#23 C:\xampp\htdocs\penjadwalan_algoritma_genetika\vendor\laravel\framework\src\Illuminate\Support\Facades\Facade.php(231): Illuminate\Support\Facades\Facade::getFacadeRoot()
#24 C:\xampp\htdocs\penjadwalan_algoritma_genetika\app\Http\Controllers\Admin\GenetikController.php(93): Illuminate\Support\Facades\Facade::__callStatic('create', Array)
#25 [internal function]: App\Http\Controllers\Admin\GenetikController->excel('1')
#26 C:\xampp\htdocs\penjadwalan_algoritma_genetika\vendor\laravel\framework\src\Illuminate\Routing\Controller.php(55): call_user_func_array(Array, Array)
#27 C:\xampp\htdocs\penjadwalan_algoritma_genetika\vendor\laravel\framework\src\Illuminate\Routing\ControllerDispatcher.php(44): Illuminate\Routing\Controller->callAction('excel', Array)
#28 C:\xampp\htdocs\penjadwalan_algoritma_genetika\vendor\laravel\framework\src\Illuminate\Routing\Route.php(189): Illuminate\Routing\ControllerDispatcher->dispatch(Object(Illuminate\Routing\Route), Object(App\Http\Controllers\Admin\GenetikController), 'excel')
#29 C:\xampp\htdocs\penjadwalan_algoritma_genetika\vendor\laravel\framework\src\Illuminate\Routing\Route.php(144): Illuminate\Routing\Route->runController()
#30 C:\xampp\htdocs\penjadwalan_algoritma_genetika\vendor\laravel\framework\src\Illuminate\Routing\Router.php(642): Illuminate\Routing\Route->run(Object(Illuminate\Http\Request))
#31 C:\xampp\htdocs\penjadwalan_algoritma_genetika\vendor\laravel\framework\src\Illuminate\Routing\Pipeline.php(53): Illuminate\Routing\Router->Illuminate\Routing\{closure}(Object(Illuminate\Http\Request))
#32 C:\xampp\htdocs\penjadwalan_algoritma_genetika\app\Http\Middleware\AdminAuthenticated.php(21): Illuminate\Routing\Pipeline->Illuminate\Routing\{closure}(Object(Illuminate\Http\Request))
#33 C:\xampp\htdocs\penjadwalan_algoritma_genetika\vendor\laravel\framework\src\Illuminate\Pipeline\Pipeline.php(137): App\Http\Middleware\AdminAuthenticated->handle(Object(Illuminate\Http\Request), Object(Closure))
#34 C:\xampp\htdocs\penjadwalan_algoritma_genetika\vendor\laravel\framework\src\Illuminate\Routing\Pipeline.php(33): Illuminate\Pipeline\Pipeline->Illuminate\Pipeline\{closure}(Object(Illuminate\Http\Request))
#35 C:\xampp\htdocs\penjadwalan_algoritma_genetika\vendor\laravel\framework\src\Illuminate\Foundation\Http\Middleware\VerifyCsrfToken.php(65): Illuminate\Routing\Pipeline->Illuminate\Routing\{closure}(Object(Illuminate\Http\Request))
#36 C:\xampp\htdocs\penjadwalan_algoritma_genetika\vendor\laravel\framework\src\Illuminate\Pipeline\Pipeline.php(137): Illuminate\Foundation\Http\Middleware\VerifyCsrfToken->handle(Object(Illuminate\Http\Request), Object(Closure))
#37 C:\xampp\htdocs\penjadwalan_algoritma_genetika\vendor\laravel\framework\src\Illuminate\Routing\Pipeline.php(33): Illuminate\Pipeline\Pipeline->Illuminate\Pipeline\{closure}(Object(Illuminate\Http\Request))
#38 C:\xampp\htdocs\penjadwalan_algoritma_genetika\vendor\laravel\framework\src\Illuminate\View\Middleware\ShareErrorsFromSession.php(49): Illuminate\Routing\Pipeline->Illuminate\Routing\{closure}(Object(Illuminate\Http\Request))
#39 C:\xampp\htdocs\penjadwalan_algoritma_genetika\vendor\laravel\framework\src\Illuminate\Pipeline\Pipeline.php(137): Illuminate\View\Middleware\ShareErrorsFromSession->handle(Object(Illuminate\Http\Request), Object(Closure))
#40 C:\xampp\htdocs\penjadwalan_algoritma_genetika\vendor\laravel\framework\src\Illuminate\Routing\Pipeline.php(33): Illuminate\Pipeline\Pipeline->Illuminate\Pipeline\{closure}(Object(Illuminate\Http\Request))
#41 C:\xampp\htdocs\penjadwalan_algoritma_genetika\vendor\laravel\framework\src\Illuminate\Session\Middleware\StartSession.php(64): Illuminate\Routing\Pipeline->Illuminate\Routing\{closure}(Object(Illuminate\Http\Request))
#42 C:\xampp\htdocs\penjadwalan_algoritma_genetika\vendor\laravel\framework\src\Illuminate\Pipeline\Pipeline.php(137): Illuminate\Session\Middleware\StartSession->handle(Object(Illuminate\Http\Request), Object(Closure))
#43 C:\xampp\htdocs\penjadwalan_algoritma_genetika\vendor\laravel\framework\src\Illuminate\Routing\Pipeline.php(33): Illuminate\Pipeline\Pipeline->Illuminate\Pipeline\{closure}(Object(Illuminate\Http\Request))
#44 C:\xampp\htdocs\penjadwalan_algoritma_genetika\vendor\laravel\framework\src\Illuminate\Cookie\Middleware\AddQueuedCookiesToResponse.php(37): Illuminate\Routing\Pipeline->Illuminate\Routing\{closure}(Object(Illuminate\Http\Request))
#45 C:\xampp\htdocs\penjadwalan_algoritma_genetika\vendor\laravel\framework\src\Illuminate\Pipeline\Pipeline.php(137): Illuminate\Cookie\Middleware\AddQueuedCookiesToResponse->handle(Object(Illuminate\Http\Request), Object(Closure))
#46 C:\xampp\htdocs\penjadwalan_algoritma_genetika\vendor\laravel\framework\src\Illuminate\Routing\Pipeline.php(33): Illuminate\Pipeline\Pipeline->Illuminate\Pipeline\{closure}(Object(Illuminate\Http\Request))
#47 C:\xampp\htdocs\penjadwalan_algoritma_genetika\vendor\laravel\framework\src\Illuminate\Cookie\Middleware\EncryptCookies.php(59): Illuminate\Routing\Pipeline->Illuminate\Routing\{closure}(Object(Illuminate\Http\Request))
#48 C:\xampp\htdocs\penjadwalan_algoritma_genetika\vendor\laravel\framework\src\Illuminate\Pipeline\Pipeline.php(137): Illuminate\Cookie\Middleware\EncryptCookies->handle(Object(Illuminate\Http\Request), Object(Closure))
#49 C:\xampp\htdocs\penjadwalan_algoritma_genetika\vendor\laravel\framework\src\Illuminate\Routing\Pipeline.php(33): Illuminate\Pipeline\Pipeline->Illuminate\Pipeline\{closure}(Object(Illuminate\Http\Request))
#50 C:\xampp\htdocs\penjadwalan_algoritma_genetika\vendor\laravel\framework\src\Illuminate\Pipeline\Pipeline.php(104): Illuminate\Routing\Pipeline->Illuminate\Routing\{closure}(Object(Illuminate\Http\Request))
#51 C:\xampp\htdocs\penjadwalan_algoritma_genetika\vendor\laravel\framework\src\Illuminate\Routing\Router.php(644): Illuminate\Pipeline\Pipeline->then(Object(Closure))
#52 C:\xampp\htdocs\penjadwalan_algoritma_genetika\vendor\laravel\framework\src\Illuminate\Routing\Router.php(618): Illuminate\Routing\Router->runRouteWithinStack(Object(Illuminate\Routing\Route), Object(Illuminate\Http\Request))
#53 C:\xampp\htdocs\penjadwalan_algoritma_genetika\vendor\laravel\framework\src\Illuminate\Routing\Router.php(596): Illuminate\Routing\Router->dispatchToRoute(Object(Illuminate\Http\Request))
#54 C:\xampp\htdocs\penjadwalan_algoritma_genetika\vendor\laravel\framework\src\Illuminate\Foundation\Http\Kernel.php(268): Illuminate\Routing\Router->dispatch(Object(Illuminate\Http\Request))
#55 C:\xampp\htdocs\penjadwalan_algoritma_genetika\vendor\laravel\framework\src\Illuminate\Routing\Pipeline.php(53): Illuminate\Foundation\Http\Kernel->Illuminate\Foundation\Http\{closure}(Object(Illuminate\Http\Request))
#56 C:\xampp\htdocs\penjadwalan_algoritma_genetika\vendor\laravel\framework\src\Illuminate\Foundation\Http\Middleware\CheckForMaintenanceMode.php(46): Illuminate\Routing\Pipeline->Illuminate\Routing\{closure}(Object(Illuminate\Http\Request))
#57 C:\xampp\htdocs\penjadwalan_algoritma_genetika\vendor\laravel\framework\src\Illuminate\Pipeline\Pipeline.php(137): Illuminate\Foundation\Http\Middleware\CheckForMaintenanceMode->handle(Object(Illuminate\Http\Request), Object(Closure))
#58 C:\xampp\htdocs\penjadwalan_algoritma_genetika\vendor\laravel\framework\src\Illuminate\Routing\Pipeline.php(33): Illuminate\Pipeline\Pipeline->Illuminate\Pipeline\{closure}(Object(Illuminate\Http\Request))
#59 C:\xampp\htdocs\penjadwalan_algoritma_genetika\vendor\laravel\framework\src\Illuminate\Pipeline\Pipeline.php(104): Illuminate\Routing\Pipeline->Illuminate\Routing\{closure}(Object(Illuminate\Http\Request))
#60 C:\xampp\htdocs\penjadwalan_algoritma_genetika\vendor\laravel\framework\src\Illuminate\Foundation\Http\Kernel.php(150): Illuminate\Pipeline\Pipeline->then(Object(Closure))
#61 C:\xampp\htdocs\penjadwalan_algoritma_genetika\vendor\laravel\framework\src\Illuminate\Foundation\Http\Kernel.php(117): Illuminate\Foundation\Http\Kernel->sendRequestThroughRouter(Object(Illuminate\Http\Request))
#62 C:\xampp\htdocs\penjadwalan_algoritma_genetika\public\index.php(53): Illuminate\Foundation\Http\Kernel->handle(Object(Illuminate\Http\Request))
#63 {main}  
